2023-05-20 23:08:59,926:WARNING:
'cuml' is a soft dependency and not included in the pycaret installation. Please run: `pip install cuml` to install.
2023-05-20 23:08:59,926:WARNING:
'cuml' is a soft dependency and not included in the pycaret installation. Please run: `pip install cuml` to install.
2023-05-20 23:08:59,926:WARNING:
'cuml' is a soft dependency and not included in the pycaret installation. Please run: `pip install cuml` to install.
2023-05-20 23:08:59,926:WARNING:
'cuml' is a soft dependency and not included in the pycaret installation. Please run: `pip install cuml` to install.
2023-05-20 23:09:06,032:WARNING:
'prophet' is a soft dependency and not included in the pycaret installation. Please run: `pip install prophet` to install.
2023-05-20 23:09:16,414:INFO:Initializing load_model()
2023-05-20 23:09:16,415:INFO:load_model(model_name=ccFraud, platform=None, authentication=None, verbose=True)
2023-05-20 23:09:21,941:WARNING:C:\Users\Isaac Femi\AppData\Local\Programs\Python\Python310\lib\site-packages\sklearn\base.py:288: UserWarning: Trying to unpickle estimator SimpleImputer from version 1.1.3 when using version 1.2.0. This might lead to breaking code or invalid results. Use at your own risk. For more info please refer to:
https://scikit-learn.org/stable/model_persistence.html#security-maintainability-limitations
  warnings.warn(

2023-05-20 23:09:21,941:WARNING:C:\Users\Isaac Femi\AppData\Local\Programs\Python\Python310\lib\site-packages\sklearn\base.py:288: UserWarning: Trying to unpickle estimator ColumnTransformer from version 1.1.3 when using version 1.2.0. This might lead to breaking code or invalid results. Use at your own risk. For more info please refer to:
https://scikit-learn.org/stable/model_persistence.html#security-maintainability-limitations
  warnings.warn(

2023-05-20 23:09:22,510:WARNING:C:\Users\Isaac Femi\AppData\Local\Programs\Python\Python310\lib\site-packages\sklearn\base.py:288: UserWarning: Trying to unpickle estimator NearestNeighbors from version 1.1.3 when using version 1.2.0. This might lead to breaking code or invalid results. Use at your own risk. For more info please refer to:
https://scikit-learn.org/stable/model_persistence.html#security-maintainability-limitations
  warnings.warn(

2023-05-20 23:09:22,510:WARNING:C:\Users\Isaac Femi\AppData\Local\Programs\Python\Python310\lib\site-packages\sklearn\base.py:288: UserWarning: Trying to unpickle estimator StandardScaler from version 1.1.3 when using version 1.2.0. This might lead to breaking code or invalid results. Use at your own risk. For more info please refer to:
https://scikit-learn.org/stable/model_persistence.html#security-maintainability-limitations
  warnings.warn(

2023-05-20 23:09:24,830:WARNING:C:\Users\Isaac Femi\AppData\Local\Programs\Python\Python310\lib\site-packages\pycaret\internal\pipeline.py:135: UserWarning: Version mismatch:
current: {'deps_info': {'pip': '23.1.2', 'setuptools': '65.5.0', 'pycaret': '3.0.2', 'IPython': '8.8.0', 'ipywidgets': '8.0.6', 'tqdm': '4.64.1', 'numpy': '1.23.5', 'pandas': '1.5.2', 'jinja2': '3.1.2', 'scipy': '1.9.3', 'joblib': '1.2.0', 'sklearn': '1.2.0', 'pyod': '1.0.9', 'imblearn': '0.10.1', 'category_encoders': '2.6.1', 'lightgbm': '3.3.5', 'numba': '0.57.0', 'requests': '2.28.1', 'matplotlib': '3.6.2', 'scikitplot': '0.3.7', 'yellowbrick': '1.5', 'plotly': '5.14.1', 'kaleido': '0.2.1', 'statsmodels': '0.13.5', 'sktime': '0.17.0', 'tbats': '1.1.3', 'pmdarima': '2.0.3', 'psutil': '5.9.4'}, 'python': {'version': '3.10.11', 'machine': 'AMD64'}}
pickle: {'deps_info': {'pip': '21.2.4', 'setuptools': '61.2.0', 'pycaret': '3.0.2', 'IPython': '8.2.0', 'ipywidgets': '7.6.5', 'tqdm': '4.64.0', 'numpy': '1.21.5', 'pandas': '1.4.2', 'jinja2': '2.11.3', 'scipy': '1.7.3', 'joblib': '1.2.0', 'sklearn': '1.1.3', 'pyod': '1.0.9', 'imblearn': '0.10.0', 'category_encoders': '2.5.1.post0', 'lightgbm': '3.3.3', 'numba': '0.55.1', 'requests': '2.27.1', 'matplotlib': '3.5.1', 'scikitplot': '0.3.7', 'yellowbrick': '1.5', 'plotly': '5.6.0', 'kaleido': '0.2.1', 'statsmodels': '0.13.2', 'sktime': '0.17.0', 'tbats': '1.1.3', 'pmdarima': '2.0.2', 'psutil': '5.9.4'}, 'python': {'version': '3.9.12', 'machine': 'AMD64'}}
  warnings.warn(

2023-05-20 23:09:25,879:INFO:Initializing predict_model()
2023-05-20 23:09:25,879:INFO:predict_model(self=<pycaret.classification.oop.ClassificationExperiment object at 0x0000028E803C7C70>, estimator=Pipeline(memory=FastMemory(location=C:\Users\ISAACF~1\AppData\Local\Temp\joblib),
         steps=[('iterative_imputer',
                 TransformerWrapper(transformer=IterativeImputer(cat_estimator=LGBMClassifier(random_state=6440),
                                                                 cat_estimator_prepare_for_categoricals_type='fit_params_categorical_feature',
                                                                 categorical_indices=[0,
                                                                                      1,
                                                                                      2,
                                                                                      4,
                                                                                      5,
                                                                                      9,
                                                                                      10,
                                                                                      11],
                                                                 max_iter=5,
                                                                 num_estimator=LGB...
                               feature_types=None, gamma=None, gpu_id=None,
                               grow_policy=None, importance_type=None,
                               interaction_constraints=None, learning_rate=None,
                               max_bin=None, max_cat_threshold=None,
                               max_cat_to_onehot=None, max_delta_step=None,
                               max_depth=None, max_leaves=None,
                               min_child_weight=None, missing=nan,
                               monotone_constraints=None, n_estimators=100,
                               n_jobs=-1, num_parallel_tree=None,
                               predictor=None, random_state=6440, ...))]), probability_threshold=None, encoded_labels=False, raw_score=False, round=4, verbose=True, ml_usecase=None, preprocess=True, encode_labels=<function _SupervisedExperiment.predict_model.<locals>.encode_labels at 0x0000028E9B1D91B0>)
2023-05-20 23:09:25,879:INFO:Checking exceptions
2023-05-20 23:09:25,879:INFO:Preloading libraries
2023-05-20 23:09:25,879:INFO:Set up data.
2023-05-20 23:09:25,924:INFO:Set up index.
